<?xml version="1.0" encoding="UTF-8"?>
<!-- Generated by org.testng.reporters.JUnitReportReporter -->
<testsuite hostname="SPT-LPT-0343" failures="0" tests="4" name="testPages.ProfileandPreferencesTestPage" time="66.886" errors="0" timestamp="2025-02-11T20:30:38 IST" skipped="0">
  <testcase classname="testPages.ProfileandPreferencesTestPage" name="NavigateToProfileandPreferences" time="53.956"/>
  <testcase classname="testPages.ProfileandPreferencesTestPage" name="UpdateFirstName" time="3.841"/>
  <testcase classname="testPages.ProfileandPreferencesTestPage" name="UpdateLastName" time="4.099"/>
  <testcase classname="testPages.ProfileandPreferencesTestPage" name="UpdateEmailaddress" time="4.990"/>
</testsuite> <!-- testPages.ProfileandPreferencesTestPage -->
